# JRE version: OpenJDK Runtime Environment Temurin-21.0.10+7 (21.0.10+7) (build 21.0.10+7-LTS)
# Java VM: OpenJDK 64-Bit Server VM Temurin-21.0.10+7 (21.0.10+7-LTS, mixed mode, sharing, tiered, compressed oops, compressed class ptrs, parallel gc, windows-amd64)
GC Precious Log:
 CardTable entry size: 512
 CPUs: 12 total, 12 available
 Memory: 7930M
 Large Page Support: Disabled
 NUMA Support: Disabled
 Compressed Oops: Enabled (32-bit)
 Alignments: Space 512K, Generation 512K, Heap 2M
 Heap Min Capacity: 100M
 Heap Initial Capacity: 100M
 Heap Max Capacity: 2G
 Pre-touch: Disabled
 Parallel Workers: 10
Heap:
 PSYoungGen      total 4096K, used 3862K [0x00000000d5580000, 0x00000000d5b80000, 0x0000000100000000)
  eden space 3072K, 100% used [0x00000000d5580000,0x00000000d5880000,0x00000000d5880000)
  from space 1024K, 77% used [0x00000000d5880000,0x00000000d5945ac8,0x00000000d5980000)
  to   space 1024K, 28% used [0x00000000d5a80000,0x00000000d5ac8000,0x00000000d5b80000)
 ParOldGen       total 1318912K, used 1318911K [0x0000000080000000, 0x00000000d0800000, 0x00000000d5580000)
  object space 1318912K, 99% used [0x0000000080000000,0x00000000d07ffc48,0x00000000d0800000)
 Metaspace       used 89057K, committed 90816K, reserved 1179648K
  class space    used 8610K, committed 9408K, reserved 1048576K
GC Heap History (20 events):
Event: 658.352 GC heap before
{Heap before GC invocations=6751 (full 9):
 PSYoungGen      total 4608K, used 4256K [0x00000000d5580000, 0x00000000d5b80000, 0x0000000100000000)
  eden space 3584K, 100% used [0x00000000d5580000,0x00000000d5900000,0x00000000d5900000)
  from space 1024K, 65% used [0x00000000d5a00000,0x00000000d5aa8000,0x00000000d5b00000)
  to   space 1024K, 0% used [0x00000000d5900000,0x00000000d5900000,0x00000000d5a00000)
 ParOldGen       total 1310208K, used 1310196K [0x0000000080000000, 0x00000000cff80000, 0x00000000d5580000)
  object space 1310208K, 99% used [0x0000000080000000,0x00000000cff7d270,0x00000000cff80000)
 Metaspace       used 89057K, committed 90816K, reserved 1179648K
  class space    used 8610K, committed 9408K, reserved 1048576K
}
Event: 658.357 GC heap after
{Heap after GC invocations=6751 (full 9):
 PSYoungGen      total 4608K, used 777K [0x00000000d5580000, 0x00000000d5c00000, 0x0000000100000000)
  eden space 3584K, 0% used [0x00000000d5580000,0x00000000d5580000,0x00000000d5900000)
  from space 1024K, 75% used [0x00000000d5900000,0x00000000d59c27a0,0x00000000d5a00000)
  to   space 1024K, 0% used [0x00000000d5b00000,0x00000000d5b00000,0x00000000d5c00000)
 ParOldGen       total 1311232K, used 1310780K [0x0000000080000000, 0x00000000d0080000, 0x00000000d5580000)
  object space 1311232K, 99% used [0x0000000080000000,0x00000000d000f188,0x00000000d0080000)
 Metaspace       used 89057K, committed 90816K, reserved 1179648K
  class space    used 8610K, committed 9408K, reserved 1048576K
}
Event: 658.371 GC heap before
{Heap before GC invocations=6752 (full 9):
 PSYoungGen      total 4608K, used 4361K [0x00000000d5580000, 0x00000000d5c00000, 0x0000000100000000)
  eden space 3584K, 100% used [0x00000000d5580000,0x00000000d5900000,0x00000000d5900000)
  from space 1024K, 75% used [0x00000000d5900000,0x00000000d59c27a0,0x00000000d5a00000)
  to   space 1024K, 0% used [0x00000000d5b00000,0x00000000d5b00000,0x00000000d5c00000)
 ParOldGen       total 1311232K, used 1310780K [0x0000000080000000, 0x00000000d0080000, 0x00000000d5580000)
  object space 1311232K, 99% used [0x0000000080000000,0x00000000d000f188,0x00000000d0080000)
 Metaspace       used 89057K, committed 90816K, reserved 1179648K
  class space    used 8610K, committed 9408K, reserved 1048576K
}
Event: 658.374 GC heap after
{Heap after GC invocations=6752 (full 9):
 PSYoungGen      total 5632K, used 913K [0x00000000d5580000, 0x00000000d5c00000, 0x0000000100000000)
  eden space 4608K, 0% used [0x00000000d5580000,0x00000000d5580000,0x00000000d5a00000)
  from space 1024K, 89% used [0x00000000d5b00000,0x00000000d5be4490,0x00000000d5c00000)
  to   space 1024K, 0% used [0x00000000d5a00000,0x00000000d5a00000,0x00000000d5b00000)
 ParOldGen       total 1311744K, used 1311441K [0x0000000080000000, 0x00000000d0100000, 0x00000000d5580000)
  object space 1311744K, 99% used [0x0000000080000000,0x00000000d00b47c8,0x00000000d0100000)
 Metaspace       used 89057K, committed 90816K, reserved 1179648K
  class space    used 8610K, committed 9408K, reserved 1048576K
}
Event: 658.396 GC heap before
{Heap before GC invocations=6753 (full 9):
 PSYoungGen      total 5632K, used 5521K [0x00000000d5580000, 0x00000000d5c00000, 0x0000000100000000)
  eden space 4608K, 100% used [0x00000000d5580000,0x00000000d5a00000,0x00000000d5a00000)
  from space 1024K, 89% used [0x00000000d5b00000,0x00000000d5be4490,0x00000000d5c00000)
  to   space 1024K, 0% used [0x00000000d5a00000,0x00000000d5a00000,0x00000000d5b00000)
 ParOldGen       total 1311744K, used 1311441K [0x0000000080000000, 0x00000000d0100000, 0x00000000d5580000)
  object space 1311744K, 99% used [0x0000000080000000,0x00000000d00b47c8,0x00000000d0100000)
 Metaspace       used 89057K, committed 90816K, reserved 1179648K
  class space    used 8610K, committed 9408K, reserved 1048576K
}
Event: 658.399 GC heap after
{Heap after GC invocations=6753 (full 9):
 PSYoungGen      total 5632K, used 1024K [0x00000000d5580000, 0x00000000d5d00000, 0x0000000100000000)
  eden space 4608K, 0% used [0x00000000d5580000,0x00000000d5580000,0x00000000d5a00000)
  from space 1024K, 100% used [0x00000000d5a00000,0x00000000d5b00000,0x00000000d5b00000)
  to   space 1536K, 0% used [0x00000000d5b80000,0x00000000d5b80000,0x00000000d5d00000)
 ParOldGen       total 1312256K, used 1312218K [0x0000000080000000, 0x00000000d0180000, 0x00000000d5580000)
  object space 1312256K, 99% used [0x0000000080000000,0x00000000d0176aa8,0x00000000d0180000)
 Metaspace       used 89057K, committed 90816K, reserved 1179648K
  class space    used 8610K, committed 9408K, reserved 1048576K
}
Event: 658.413 GC heap before
{Heap before GC invocations=6754 (full 9):
 PSYoungGen      total 5632K, used 5632K [0x00000000d5580000, 0x00000000d5d00000, 0x0000000100000000)
  eden space 4608K, 100% used [0x00000000d5580000,0x00000000d5a00000,0x00000000d5a00000)
  from space 1024K, 100% used [0x00000000d5a00000,0x00000000d5b00000,0x00000000d5b00000)
  to   space 1536K, 0% used [0x00000000d5b80000,0x00000000d5b80000,0x00000000d5d00000)
 ParOldGen       total 1312256K, used 1312218K [0x0000000080000000, 0x00000000d0180000, 0x00000000d5580000)
  object space 1312256K, 99% used [0x0000000080000000,0x00000000d0176aa8,0x00000000d0180000)
 Metaspace       used 89057K, committed 90816K, reserved 1179648K
  class space    used 8610K, committed 9408K, reserved 1048576K
}
Event: 658.415 GC heap after
{Heap after GC invocations=6754 (full 9):
 PSYoungGen      total 6144K, used 1074K [0x00000000d5580000, 0x00000000d5d00000, 0x0000000100000000)
  eden space 4608K, 0% used [0x00000000d5580000,0x00000000d5580000,0x00000000d5a00000)
  from space 1536K, 69% used [0x00000000d5b80000,0x00000000d5c8c8f8,0x00000000d5d00000)
  to   space 1536K, 0% used [0x00000000d5a00000,0x00000000d5a00000,0x00000000d5b80000)
 ParOldGen       total 1313280K, used 1313088K [0x0000000080000000, 0x00000000d0280000, 0x00000000d5580000)
  object space 1313280K, 99% used [0x0000000080000000,0x00000000d0250370,0x00000000d0280000)
 Metaspace       used 89057K, committed 90816K, reserved 1179648K
  class space    used 8610K, committed 9408K, reserved 1048576K
}
Event: 658.439 GC heap before
{Heap before GC invocations=6755 (full 9):
 PSYoungGen      total 6144K, used 5682K [0x00000000d5580000, 0x00000000d5d00000, 0x0000000100000000)
  eden space 4608K, 100% used [0x00000000d5580000,0x00000000d5a00000,0x00000000d5a00000)
  from space 1536K, 69% used [0x00000000d5b80000,0x00000000d5c8c8f8,0x00000000d5d00000)
  to   space 1536K, 0% used [0x00000000d5a00000,0x00000000d5a00000,0x00000000d5b80000)
 ParOldGen       total 1313280K, used 1313088K [0x0000000080000000, 0x00000000d0280000, 0x00000000d5580000)
  object space 1313280K, 99% used [0x0000000080000000,0x00000000d0250370,0x00000000d0280000)
 Metaspace       used 89057K, committed 90816K, reserved 1179648K
  class space    used 8610K, committed 9408K, reserved 1048576K
}
Event: 658.442 GC heap after
{Heap after GC invocations=6755 (full 9):
 PSYoungGen      total 5632K, used 960K [0x00000000d5580000, 0x00000000d5c00000, 0x0000000100000000)
  eden space 4608K, 0% used [0x00000000d5580000,0x00000000d5580000,0x00000000d5a00000)
  from space 1024K, 93% used [0x00000000d5a00000,0x00000000d5af0000,0x00000000d5b00000)
  to   space 1024K, 0% used [0x00000000d5b00000,0x00000000d5b00000,0x00000000d5c00000)
 ParOldGen       total 1314304K, used 1314019K [0x0000000080000000, 0x00000000d0380000, 0x00000000d5580000)
  object space 1314304K, 99% used [0x0000000080000000,0x00000000d0338c00,0x00000000d0380000)
 Metaspace       used 89057K, committed 90816K, reserved 1179648K
  class space    used 8610K, committed 9408K, reserved 1048576K
}
Event: 658.465 GC heap before
{Heap before GC invocations=6756 (full 9):
 PSYoungGen      total 5632K, used 5568K [0x00000000d5580000, 0x00000000d5c00000, 0x0000000100000000)
  eden space 4608K, 100% used [0x00000000d5580000,0x00000000d5a00000,0x00000000d5a00000)
  from space 1024K, 93% used [0x00000000d5a00000,0x00000000d5af0000,0x00000000d5b00000)
  to   space 1024K, 0% used [0x00000000d5b00000,0x00000000d5b00000,0x00000000d5c00000)
 ParOldGen       total 1314304K, used 1314019K [0x0000000080000000, 0x00000000d0380000, 0x00000000d5580000)
  object space 1314304K, 99% used [0x0000000080000000,0x00000000d0338c00,0x00000000d0380000)
 Metaspace       used 89057K, committed 90816K, reserved 1179648K
  class space    used 8610K, committed 9408K, reserved 1048576K
}
Event: 658.468 GC heap after
{Heap after GC invocations=6756 (full 9):
 PSYoungGen      total 4096K, used 1024K [0x00000000d5580000, 0x00000000d5f00000, 0x0000000100000000)
  eden space 3072K, 0% used [0x00000000d5580000,0x00000000d5580000,0x00000000d5880000)
  from space 1024K, 100% used [0x00000000d5b00000,0x00000000d5c00000,0x00000000d5c00000)
  to   space 2560K, 0% used [0x00000000d5880000,0x00000000d5880000,0x00000000d5b00000)
 ParOldGen       total 1315328K, used 1314915K [0x0000000080000000, 0x00000000d0480000, 0x00000000d5580000)
  object space 1315328K, 99% used [0x0000000080000000,0x00000000d0418fb0,0x00000000d0480000)
 Metaspace       used 89057K, committed 90816K, reserved 1179648K
  class space    used 8610K, committed 9408K, reserved 1048576K
}
Event: 658.549 GC heap before
{Heap before GC invocations=6757 (full 9):
 PSYoungGen      total 4096K, used 4096K [0x00000000d5580000, 0x00000000d5f00000, 0x0000000100000000)
  eden space 3072K, 100% used [0x00000000d5580000,0x00000000d5880000,0x00000000d5880000)
  from space 1024K, 100% used [0x00000000d5b00000,0x00000000d5c00000,0x00000000d5c00000)
  to   space 2560K, 0% used [0x00000000d5880000,0x00000000d5880000,0x00000000d5b00000)
 ParOldGen       total 1315328K, used 1314915K [0x0000000080000000, 0x00000000d0480000, 0x00000000d5580000)
  object space 1315328K, 99% used [0x0000000080000000,0x00000000d0418fb0,0x00000000d0480000)
 Metaspace       used 89057K, committed 90816K, reserved 1179648K
  class space    used 8610K, committed 9408K, reserved 1048576K
}
Event: 658.554 GC heap after
{Heap after GC invocations=6757 (full 9):
 PSYoungGen      total 4096K, used 989K [0x00000000d5580000, 0x00000000d5b80000, 0x0000000100000000)
  eden space 3072K, 0% used [0x00000000d5580000,0x00000000d5580000,0x00000000d5880000)
  from space 1024K, 96% used [0x00000000d5880000,0x00000000d5977490,0x00000000d5980000)
  to   space 1536K, 0% used [0x00000000d5a00000,0x00000000d5a00000,0x00000000d5b80000)
 ParOldGen       total 1316352K, used 1315862K [0x0000000080000000, 0x00000000d0580000, 0x00000000d5580000)
  object space 1316352K, 99% used [0x0000000080000000,0x00000000d05058d8,0x00000000d0580000)
 Metaspace       used 89057K, committed 90816K, reserved 1179648K
  class space    used 8610K, committed 9408K, reserved 1048576K
}
Event: 658.570 GC heap before
{Heap before GC invocations=6758 (full 9):
 PSYoungGen      total 4096K, used 4061K [0x00000000d5580000, 0x00000000d5b80000, 0x0000000100000000)
  eden space 3072K, 100% used [0x00000000d5580000,0x00000000d5880000,0x00000000d5880000)
  from space 1024K, 96% used [0x00000000d5880000,0x00000000d5977490,0x00000000d5980000)
  to   space 1536K, 0% used [0x00000000d5a00000,0x00000000d5a00000,0x00000000d5b80000)
 ParOldGen       total 1316352K, used 1315862K [0x0000000080000000, 0x00000000d0580000, 0x00000000d5580000)
  object space 1316352K, 99% used [0x0000000080000000,0x00000000d05058d8,0x00000000d0580000)
 Metaspace       used 89057K, committed 90816K, reserved 1179648K
  class space    used 8610K, committed 9408K, reserved 1048576K
}
Event: 658.574 GC heap after
{Heap after GC invocations=6758 (full 9):
 PSYoungGen      total 4096K, used 867K [0x00000000d5580000, 0x00000000d5b00000, 0x0000000100000000)
  eden space 3072K, 0% used [0x00000000d5580000,0x00000000d5580000,0x00000000d5880000)
  from space 1024K, 84% used [0x00000000d5a00000,0x00000000d5ad8c90,0x00000000d5b00000)
  to   space 1024K, 0% used [0x00000000d5880000,0x00000000d5880000,0x00000000d5980000)
 ParOldGen       total 1316864K, used 1316779K [0x0000000080000000, 0x00000000d0600000, 0x00000000d5580000)
  object space 1316864K, 99% used [0x0000000080000000,0x00000000d05ead28,0x00000000d0600000)
 Metaspace       used 89057K, committed 90816K, reserved 1179648K
  class space    used 8610K, committed 9408K, reserved 1048576K
}
Event: 658.621 GC heap before
{Heap before GC invocations=6759 (full 9):
 PSYoungGen      total 4096K, used 3939K [0x00000000d5580000, 0x00000000d5b00000, 0x0000000100000000)
  eden space 3072K, 100% used [0x00000000d5580000,0x00000000d5880000,0x00000000d5880000)
  from space 1024K, 84% used [0x00000000d5a00000,0x00000000d5ad8c90,0x00000000d5b00000)
  to   space 1024K, 0% used [0x00000000d5880000,0x00000000d5880000,0x00000000d5980000)
 ParOldGen       total 1316864K, used 1316779K [0x0000000080000000, 0x00000000d0600000, 0x00000000d5580000)
  object space 1316864K, 99% used [0x0000000080000000,0x00000000d05ead28,0x00000000d0600000)
 Metaspace       used 89057K, committed 90816K, reserved 1179648K
  class space    used 8610K, committed 9408K, reserved 1048576K
}
Event: 658.625 GC heap after
{Heap after GC invocations=6759 (full 9):
 PSYoungGen      total 4096K, used 709K [0x00000000d5580000, 0x00000000d5a80000, 0x0000000100000000)
  eden space 3072K, 0% used [0x00000000d5580000,0x00000000d5580000,0x00000000d5880000)
  from space 1024K, 69% used [0x00000000d5880000,0x00000000d5931540,0x00000000d5980000)
  to   space 1024K, 0% used [0x00000000d5980000,0x00000000d5980000,0x00000000d5a80000)
 ParOldGen       total 1317888K, used 1317479K [0x0000000080000000, 0x00000000d0700000, 0x00000000d5580000)
  object space 1317888K, 99% used [0x0000000080000000,0x00000000d0699f08,0x00000000d0700000)
 Metaspace       used 89057K, committed 90816K, reserved 1179648K
  class space    used 8610K, committed 9408K, reserved 1048576K
}
Event: 658.648 GC heap before
{Heap before GC invocations=6760 (full 9):
 PSYoungGen      total 4096K, used 3772K [0x00000000d5580000, 0x00000000d5a80000, 0x0000000100000000)
  eden space 3072K, 99% used [0x00000000d5580000,0x00000000d587ddf0,0x00000000d5880000)
  from space 1024K, 69% used [0x00000000d5880000,0x00000000d5931540,0x00000000d5980000)
  to   space 1024K, 0% used [0x00000000d5980000,0x00000000d5980000,0x00000000d5a80000)
 ParOldGen       total 1317888K, used 1317479K [0x0000000080000000, 0x00000000d0700000, 0x00000000d5580000)
  object space 1317888K, 99% used [0x0000000080000000,0x00000000d0699f08,0x00000000d0700000)
 Metaspace       used 89057K, committed 90816K, reserved 1179648K
  class space    used 8610K, committed 9408K, reserved 1048576K
}
Event: 659.651 GC heap after
{Heap after GC invocations=6760 (full 9):
 PSYoungGen      total 4096K, used 772K [0x00000000d5580000, 0x00000000d5b80000, 0x0000000100000000)
  eden space 3072K, 0% used [0x00000000d5580000,0x00000000d5580000,0x00000000d5880000)
  from space 1024K, 75% used [0x00000000d5980000,0x00000000d5a41100,0x00000000d5a80000)
  to   space 1024K, 0% used [0x00000000d5880000,0x00000000d5880000,0x00000000d5980000)
 ParOldGen       total 1318400K, used 1318096K [0x0000000080000000, 0x00000000d0780000, 0x00000000d5580000)
  object space 1318400K, 99% used [0x0000000080000000,0x00000000d0734228,0x00000000d0780000)
 Metaspace       used 89057K, committed 90816K, reserved 1179648K
  class space    used 8610K, committed 9408K, reserved 1048576K
}

