# JRE version: OpenJDK Runtime Environment Temurin-21.0.10+7 (21.0.10+7) (build 21.0.10+7-LTS)
# Java VM: OpenJDK 64-Bit Server VM Temurin-21.0.10+7 (21.0.10+7-LTS, mixed mode, sharing, tiered, compressed oops, compressed class ptrs, parallel gc, windows-amd64)
GC Precious Log:
 CardTable entry size: 512
 CPUs: 12 total, 12 available
 Memory: 7930M
 Large Page Support: Disabled
 NUMA Support: Disabled
 Compressed Oops: Enabled (32-bit)
 Alignments: Space 512K, Generation 512K, Heap 2M
 Heap Min Capacity: 100M
 Heap Initial Capacity: 100M
 Heap Max Capacity: 2G
 Pre-touch: Disabled
 Parallel Workers: 10
Heap:
 PSYoungGen      total 4608K, used 1136K [0x00000000d5580000, 0x00000000d6080000, 0x0000000100000000)
  eden space 4096K, 19% used [0x00000000d5580000,0x00000000d564c2b0,0x00000000d5980000)
  from space 512K, 62% used [0x00000000d5f80000,0x00000000d5fd0000,0x00000000d6000000)
  to   space 512K, 0% used [0x00000000d6000000,0x00000000d6000000,0x00000000d6080000)
 ParOldGen       total 375808K, used 375512K [0x0000000080000000, 0x0000000096f00000, 0x00000000d5580000)
  object space 375808K, 99% used [0x0000000080000000,0x0000000096eb6020,0x0000000096f00000)
 Metaspace       used 72837K, committed 74432K, reserved 1179648K
  class space    used 7183K, committed 7872K, reserved 1048576K
GC Heap History (20 events):
Event: 2417.563 GC heap before
{Heap before GC invocations=1358 (full 4):
 PSYoungGen      total 14336K, used 14098K [0x00000000d5580000, 0x00000000d6880000, 0x0000000100000000)
  eden space 9728K, 99% used [0x00000000d5580000,0x00000000d5eebde0,0x00000000d5f00000)
  from space 4608K, 96% used [0x00000000d6180000,0x00000000d65d8d30,0x00000000d6600000)
  to   space 2560K, 0% used [0x00000000d6600000,0x00000000d6600000,0x00000000d6880000)
 ParOldGen       total 356864K, used 356520K [0x0000000080000000, 0x0000000095c80000, 0x00000000d5580000)
  object space 356864K, 99% used [0x0000000080000000,0x0000000095c2a330,0x0000000095c80000)
 Metaspace       used 72775K, committed 74368K, reserved 1179648K
  class space    used 7183K, committed 7872K, reserved 1048576K
}
Event: 2417.595 GC heap after
{Heap after GC invocations=1358 (full 4):
 PSYoungGen      total 3072K, used 2536K [0x00000000d5580000, 0x00000000d8100000, 0x0000000100000000)
  eden space 512K, 0% used [0x00000000d5580000,0x00000000d5580000,0x00000000d5600000)
  from space 2560K, 99% used [0x00000000d6600000,0x00000000d687a000,0x00000000d6880000)
  to   space 16384K, 0% used [0x00000000d5600000,0x00000000d5600000,0x00000000d6600000)
 ParOldGen       total 368640K, used 368508K [0x0000000080000000, 0x0000000096800000, 0x00000000d5580000)
  object space 368640K, 99% used [0x0000000080000000,0x00000000967df020,0x0000000096800000)
 Metaspace       used 72775K, committed 74368K, reserved 1179648K
  class space    used 7183K, committed 7872K, reserved 1048576K
}
Event: 2417.596 GC heap before
{Heap before GC invocations=1359 (full 4):
 PSYoungGen      total 3072K, used 2958K [0x00000000d5580000, 0x00000000d8100000, 0x0000000100000000)
  eden space 512K, 82% used [0x00000000d5580000,0x00000000d55e9a20,0x00000000d5600000)
  from space 2560K, 99% used [0x00000000d6600000,0x00000000d687a000,0x00000000d6880000)
  to   space 16384K, 0% used [0x00000000d5600000,0x00000000d5600000,0x00000000d6600000)
 ParOldGen       total 368640K, used 368508K [0x0000000080000000, 0x0000000096800000, 0x00000000d5580000)
  object space 368640K, 99% used [0x0000000080000000,0x00000000967df020,0x0000000096800000)
 Metaspace       used 72775K, committed 74368K, reserved 1179648K
  class space    used 7183K, committed 7872K, reserved 1048576K
}
Event: 2417.701 GC heap after
{Heap after GC invocations=1359 (full 4):
 PSYoungGen      total 1024K, used 508K [0x00000000d5580000, 0x00000000d6680000, 0x0000000100000000)
  eden space 512K, 0% used [0x00000000d5580000,0x00000000d5580000,0x00000000d5600000)
  from space 512K, 99% used [0x00000000d5600000,0x00000000d567f000,0x00000000d5680000)
  to   space 5632K, 0% used [0x00000000d6100000,0x00000000d6100000,0x00000000d6680000)
 ParOldGen       total 371200K, used 371024K [0x0000000080000000, 0x0000000096a80000, 0x00000000d5580000)
  object space 371200K, 99% used [0x0000000080000000,0x0000000096a54020,0x0000000096a80000)
 Metaspace       used 72775K, committed 74368K, reserved 1179648K
  class space    used 7183K, committed 7872K, reserved 1048576K
}
Event: 2417.706 GC heap before
{Heap before GC invocations=1360 (full 4):
 PSYoungGen      total 1024K, used 1020K [0x00000000d5580000, 0x00000000d6680000, 0x0000000100000000)
  eden space 512K, 100% used [0x00000000d5580000,0x00000000d5600000,0x00000000d5600000)
  from space 512K, 99% used [0x00000000d5600000,0x00000000d567f000,0x00000000d5680000)
  to   space 5632K, 0% used [0x00000000d6100000,0x00000000d6100000,0x00000000d6680000)
 ParOldGen       total 371712K, used 371696K [0x0000000080000000, 0x0000000096b00000, 0x00000000d5580000)
  object space 371712K, 99% used [0x0000000080000000,0x0000000096afc020,0x0000000096b00000)
 Metaspace       used 72775K, committed 74368K, reserved 1179648K
  class space    used 7183K, committed 7872K, reserved 1048576K
}
Event: 2417.734 GC heap after
{Heap after GC invocations=1360 (full 4):
 PSYoungGen      total 1536K, used 448K [0x00000000d5580000, 0x00000000d6180000, 0x0000000100000000)
  eden space 1024K, 0% used [0x00000000d5580000,0x00000000d5580000,0x00000000d5680000)
  from space 512K, 87% used [0x00000000d6100000,0x00000000d6170000,0x00000000d6180000)
  to   space 1536K, 0% used [0x00000000d5e80000,0x00000000d5e80000,0x00000000d6000000)
 ParOldGen       total 372224K, used 371888K [0x0000000080000000, 0x0000000096b80000, 0x00000000d5580000)
  object space 372224K, 99% used [0x0000000080000000,0x0000000096b2c020,0x0000000096b80000)
 Metaspace       used 72775K, committed 74368K, reserved 1179648K
  class space    used 7183K, committed 7872K, reserved 1048576K
}
Event: 2417.746 GC heap before
{Heap before GC invocations=1361 (full 4):
 PSYoungGen      total 1536K, used 1471K [0x00000000d5580000, 0x00000000d6180000, 0x0000000100000000)
  eden space 1024K, 99% used [0x00000000d5580000,0x00000000d567fff8,0x00000000d5680000)
  from space 512K, 87% used [0x00000000d6100000,0x00000000d6170000,0x00000000d6180000)
  to   space 1536K, 0% used [0x00000000d5e80000,0x00000000d5e80000,0x00000000d6000000)
 ParOldGen       total 373248K, used 373232K [0x0000000080000000, 0x0000000096c80000, 0x00000000d5580000)
  object space 373248K, 99% used [0x0000000080000000,0x0000000096c7c020,0x0000000096c80000)
 Metaspace       used 72775K, committed 74368K, reserved 1179648K
  class space    used 7183K, committed 7872K, reserved 1048576K
}
Event: 2417.852 GC heap after
{Heap after GC invocations=1361 (full 4):
 PSYoungGen      total 3072K, used 1152K [0x00000000d5580000, 0x00000000d6180000, 0x0000000100000000)
  eden space 1536K, 0% used [0x00000000d5580000,0x00000000d5580000,0x00000000d5700000)
  from space 1536K, 75% used [0x00000000d5e80000,0x00000000d5fa0000,0x00000000d6000000)
  to   space 1536K, 0% used [0x00000000d6000000,0x00000000d6000000,0x00000000d6180000)
 ParOldGen       total 373760K, used 373600K [0x0000000080000000, 0x0000000096d00000, 0x00000000d5580000)
  object space 373760K, 99% used [0x0000000080000000,0x0000000096cd8020,0x0000000096d00000)
 Metaspace       used 72775K, committed 74368K, reserved 1179648K
  class space    used 7183K, committed 7872K, reserved 1048576K
}
Event: 2417.967 GC heap before
{Heap before GC invocations=1362 (full 4):
 PSYoungGen      total 3072K, used 2688K [0x00000000d5580000, 0x00000000d6180000, 0x0000000100000000)
  eden space 1536K, 100% used [0x00000000d5580000,0x00000000d5700000,0x00000000d5700000)
  from space 1536K, 75% used [0x00000000d5e80000,0x00000000d5fa0000,0x00000000d6000000)
  to   space 1536K, 0% used [0x00000000d6000000,0x00000000d6000000,0x00000000d6180000)
 ParOldGen       total 373760K, used 373600K [0x0000000080000000, 0x0000000096d00000, 0x00000000d5580000)
  object space 373760K, 99% used [0x0000000080000000,0x0000000096cd8020,0x0000000096d00000)
 Metaspace       used 72775K, committed 74368K, reserved 1179648K
  class space    used 7183K, committed 7872K, reserved 1048576K
}
Event: 2417.969 GC heap after
{Heap after GC invocations=1362 (full 4):
 PSYoungGen      total 3072K, used 560K [0x00000000d5580000, 0x00000000d6100000, 0x0000000100000000)
  eden space 2048K, 0% used [0x00000000d5580000,0x00000000d5580000,0x00000000d5780000)
  from space 1024K, 54% used [0x00000000d6000000,0x00000000d608c030,0x00000000d6100000)
  to   space 1024K, 0% used [0x00000000d5f00000,0x00000000d5f00000,0x00000000d6000000)
 ParOldGen       total 374784K, used 374632K [0x0000000080000000, 0x0000000096e00000, 0x00000000d5580000)
  object space 374784K, 99% used [0x0000000080000000,0x0000000096dda020,0x0000000096e00000)
 Metaspace       used 72775K, committed 74368K, reserved 1179648K
  class space    used 7183K, committed 7872K, reserved 1048576K
}
Event: 2417.997 GC heap before
{Heap before GC invocations=1363 (full 4):
 PSYoungGen      total 3072K, used 2607K [0x00000000d5580000, 0x00000000d6100000, 0x0000000100000000)
  eden space 2048K, 99% used [0x00000000d5580000,0x00000000d577ff70,0x00000000d5780000)
  from space 1024K, 54% used [0x00000000d6000000,0x00000000d608c030,0x00000000d6100000)
  to   space 1024K, 0% used [0x00000000d5f00000,0x00000000d5f00000,0x00000000d6000000)
 ParOldGen       total 374784K, used 374632K [0x0000000080000000, 0x0000000096e00000, 0x00000000d5580000)
  object space 374784K, 99% used [0x0000000080000000,0x0000000096dda020,0x0000000096e00000)
 Metaspace       used 72779K, committed 74368K, reserved 1179648K
  class space    used 7183K, committed 7872K, reserved 1048576K
}
Event: 2417.999 GC heap after
{Heap after GC invocations=1363 (full 4):
 PSYoungGen      total 3584K, used 288K [0x00000000d5580000, 0x00000000d6080000, 0x0000000100000000)
  eden space 2560K, 0% used [0x00000000d5580000,0x00000000d5580000,0x00000000d5800000)
  from space 1024K, 28% used [0x00000000d5f00000,0x00000000d5f48000,0x00000000d6000000)
  to   space 512K, 0% used [0x00000000d6000000,0x00000000d6000000,0x00000000d6080000)
 ParOldGen       total 375296K, used 374912K [0x0000000080000000, 0x0000000096e80000, 0x00000000d5580000)
  object space 375296K, 99% used [0x0000000080000000,0x0000000096e20020,0x0000000096e80000)
 Metaspace       used 72779K, committed 74368K, reserved 1179648K
  class space    used 7183K, committed 7872K, reserved 1048576K
}
Event: 2418.037 GC heap before
{Heap before GC invocations=1364 (full 4):
 PSYoungGen      total 3584K, used 2848K [0x00000000d5580000, 0x00000000d6080000, 0x0000000100000000)
  eden space 2560K, 100% used [0x00000000d5580000,0x00000000d5800000,0x00000000d5800000)
  from space 1024K, 28% used [0x00000000d5f00000,0x00000000d5f48000,0x00000000d6000000)
  to   space 512K, 0% used [0x00000000d6000000,0x00000000d6000000,0x00000000d6080000)
 ParOldGen       total 375296K, used 374912K [0x0000000080000000, 0x0000000096e80000, 0x00000000d5580000)
  object space 375296K, 99% used [0x0000000080000000,0x0000000096e20020,0x0000000096e80000)
 Metaspace       used 72779K, committed 74368K, reserved 1179648K
  class space    used 7183K, committed 7872K, reserved 1048576K
}
Event: 2418.038 GC heap after
{Heap after GC invocations=1364 (full 4):
 PSYoungGen      total 3584K, used 384K [0x00000000d5580000, 0x00000000d6080000, 0x0000000100000000)
  eden space 3072K, 0% used [0x00000000d5580000,0x00000000d5580000,0x00000000d5880000)
  from space 512K, 75% used [0x00000000d6000000,0x00000000d6060000,0x00000000d6080000)
  to   space 512K, 0% used [0x00000000d5f80000,0x00000000d5f80000,0x00000000d6000000)
 ParOldGen       total 375296K, used 375048K [0x0000000080000000, 0x0000000096e80000, 0x00000000d5580000)
  object space 375296K, 99% used [0x0000000080000000,0x0000000096e42020,0x0000000096e80000)
 Metaspace       used 72779K, committed 74368K, reserved 1179648K
  class space    used 7183K, committed 7872K, reserved 1048576K
}
Event: 2418.084 GC heap before
{Heap before GC invocations=1365 (full 4):
 PSYoungGen      total 3584K, used 3456K [0x00000000d5580000, 0x00000000d6080000, 0x0000000100000000)
  eden space 3072K, 100% used [0x00000000d5580000,0x00000000d5880000,0x00000000d5880000)
  from space 512K, 75% used [0x00000000d6000000,0x00000000d6060000,0x00000000d6080000)
  to   space 512K, 0% used [0x00000000d5f80000,0x00000000d5f80000,0x00000000d6000000)
 ParOldGen       total 375296K, used 375048K [0x0000000080000000, 0x0000000096e80000, 0x00000000d5580000)
  object space 375296K, 99% used [0x0000000080000000,0x0000000096e42020,0x0000000096e80000)
 Metaspace       used 72811K, committed 74432K, reserved 1179648K
  class space    used 7183K, committed 7872K, reserved 1048576K
}
Event: 2418.084 GC heap after
{Heap after GC invocations=1365 (full 4):
 PSYoungGen      total 4608K, used 416K [0x00000000d5580000, 0x00000000d6080000, 0x0000000100000000)
  eden space 4096K, 0% used [0x00000000d5580000,0x00000000d5580000,0x00000000d5980000)
  from space 512K, 81% used [0x00000000d5f80000,0x00000000d5fe8000,0x00000000d6000000)
  to   space 512K, 0% used [0x00000000d6000000,0x00000000d6000000,0x00000000d6080000)
 ParOldGen       total 375296K, used 375240K [0x0000000080000000, 0x0000000096e80000, 0x00000000d5580000)
  object space 375296K, 99% used [0x0000000080000000,0x0000000096e72020,0x0000000096e80000)
 Metaspace       used 72811K, committed 74432K, reserved 1179648K
  class space    used 7183K, committed 7872K, reserved 1048576K
}
Event: 2682.032 GC heap before
{Heap before GC invocations=1366 (full 4):
 PSYoungGen      total 4608K, used 4512K [0x00000000d5580000, 0x00000000d6080000, 0x0000000100000000)
  eden space 4096K, 100% used [0x00000000d5580000,0x00000000d5980000,0x00000000d5980000)
  from space 512K, 81% used [0x00000000d5f80000,0x00000000d5fe8000,0x00000000d6000000)
  to   space 512K, 0% used [0x00000000d6000000,0x00000000d6000000,0x00000000d6080000)
 ParOldGen       total 375296K, used 375240K [0x0000000080000000, 0x0000000096e80000, 0x00000000d5580000)
  object space 375296K, 99% used [0x0000000080000000,0x0000000096e72020,0x0000000096e80000)
 Metaspace       used 72823K, committed 74432K, reserved 1179648K
  class space    used 7183K, committed 7872K, reserved 1048576K
}
Event: 2682.225 GC heap after
{Heap after GC invocations=1366 (full 4):
 PSYoungGen      total 4608K, used 476K [0x00000000d5580000, 0x00000000d6080000, 0x0000000100000000)
  eden space 4096K, 0% used [0x00000000d5580000,0x00000000d5580000,0x00000000d5980000)
  from space 512K, 92% used [0x00000000d6000000,0x00000000d6077030,0x00000000d6080000)
  to   space 512K, 0% used [0x00000000d5f80000,0x00000000d5f80000,0x00000000d6000000)
 ParOldGen       total 375808K, used 375416K [0x0000000080000000, 0x0000000096f00000, 0x00000000d5580000)
  object space 375808K, 99% used [0x0000000080000000,0x0000000096e9e020,0x0000000096f00000)
 Metaspace       used 72823K, committed 74432K, reserved 1179648K
  class space    used 7183K, committed 7872K, reserved 1048576K
}
Event: 2682.775 GC heap before
{Heap before GC invocations=1367 (full 4):
 PSYoungGen      total 4608K, used 4572K [0x00000000d5580000, 0x00000000d6080000, 0x0000000100000000)
  eden space 4096K, 100% used [0x00000000d5580000,0x00000000d5980000,0x00000000d5980000)
  from space 512K, 92% used [0x00000000d6000000,0x00000000d6077030,0x00000000d6080000)
  to   space 512K, 0% used [0x00000000d5f80000,0x00000000d5f80000,0x00000000d6000000)
 ParOldGen       total 375808K, used 375416K [0x0000000080000000, 0x0000000096f00000, 0x00000000d5580000)
  object space 375808K, 99% used [0x0000000080000000,0x0000000096e9e020,0x0000000096f00000)
 Metaspace       used 72833K, committed 74432K, reserved 1179648K
  class space    used 7183K, committed 7872K, reserved 1048576K
}
Event: 2682.779 GC heap after
{Heap after GC invocations=1367 (full 4):
 PSYoungGen      total 4608K, used 320K [0x00000000d5580000, 0x00000000d6080000, 0x0000000100000000)
  eden space 4096K, 0% used [0x00000000d5580000,0x00000000d5580000,0x00000000d5980000)
  from space 512K, 62% used [0x00000000d5f80000,0x00000000d5fd0000,0x00000000d6000000)
  to   space 512K, 0% used [0x00000000d6000000,0x00000000d6000000,0x00000000d6080000)
 ParOldGen       total 375808K, used 375512K [0x0000000080000000, 0x0000000096f00000, 0x00000000d5580000)
  object space 375808K, 99% used [0x0000000080000000,0x0000000096eb6020,0x0000000096f00000)
 Metaspace       used 72833K, committed 74432K, reserved 1179648K
  class space    used 7183K, committed 7872K, reserved 1048576K
}

